2017-06-19 13:55:26 12800 [Note] Plugin 'FEDERATED' is disabled.
2017-06-19 13:55:26 12800 [Note] InnoDB: Using atomics to ref count buffer pool pages
2017-06-19 13:55:26 12800 [Note] InnoDB: The InnoDB memory heap is disabled
2017-06-19 13:55:26 12800 [Note] InnoDB: Mutexes and rw_locks use Windows interlocked functions
2017-06-19 13:55:26 12800 [Note] InnoDB: Memory barrier is not used
2017-06-19 13:55:26 12800 [Note] InnoDB: Compressed tables use zlib 1.2.3
2017-06-19 13:55:26 12800 [Note] InnoDB: Not using CPU crc32 instructions
2017-06-19 13:55:26 12800 [Note] InnoDB: Initializing buffer pool, size = 32.0M
2017-06-19 13:55:26 12800 [Note] InnoDB: Completed initialization of buffer pool
2017-06-19 13:55:27 12800 [Note] InnoDB: Highest supported file format is Barracuda.
2017-06-19 13:55:27 12800 [Note] InnoDB: 128 rollback segment(s) are active.
2017-06-19 13:55:27 12800 [Note] InnoDB: Waiting for purge to start
2017-06-19 13:55:27 12800 [Note] InnoDB: 5.6.35 started; log sequence number 1771182
2017-06-19 13:55:27 12800 [Warning] No existing UUID has been found, so we assume that this is the first time that this server has been started. Generating a new UUID: 7a2e507e-5518-11e7-8316-5cf9dd5f9353.
2017-06-19 13:55:27 12800 [Note] Server hostname (bind-address): '127.0.0.1'; port: 3306
2017-06-19 13:55:27 12800 [Note]   - '127.0.0.1' resolves to '127.0.0.1';
2017-06-19 13:55:27 12800 [Note] Server socket created on IP: '127.0.0.1'.
2017-06-19 13:55:27 12800 [Note] Event Scheduler: Loaded 0 events
2017-06-19 13:55:27 12800 [Note] B:\Lucee_portable\UniServerZ\core\mysql\bin\mysqld_z.exe: ready for connections.
Version: '5.6.35'  socket: ''  port: 3306  MySQL Community Server (GPL)
2017-06-19 14:01:34 12800 [Note] B:\Lucee_portable\UniServerZ\core\mysql\bin\mysqld_z.exe: Normal shutdown

2017-06-19 14:01:34 12800 [Note] Giving 0 client threads a chance to die gracefully
2017-06-19 14:01:34 12800 [Note] Event Scheduler: Purging the queue. 0 events
2017-06-19 14:01:34 12800 [Note] Shutting down slave threads
2017-06-19 14:01:34 12800 [Note] Forcefully disconnecting 0 remaining clients
2017-06-19 14:01:34 12800 [Note] Binlog end
2017-06-19 14:01:34 12800 [Note] Shutting down plugin 'partition'
2017-06-19 14:01:34 12800 [Note] Shutting down plugin 'PERFORMANCE_SCHEMA'
2017-06-19 14:01:34 12800 [Note] Shutting down plugin 'INNODB_SYS_DATAFILES'
2017-06-19 14:01:34 12800 [Note] Shutting down plugin 'INNODB_SYS_TABLESPACES'
2017-06-19 14:01:34 12800 [Note] Shutting down plugin 'INNODB_SYS_FOREIGN_COLS'
2017-06-19 14:01:34 12800 [Note] Shutting down plugin 'INNODB_SYS_FOREIGN'
2017-06-19 14:01:34 12800 [Note] Shutting down plugin 'INNODB_SYS_FIELDS'
2017-06-19 14:01:34 12800 [Note] Shutting down plugin 'INNODB_SYS_COLUMNS'
2017-06-19 14:01:34 12800 [Note] Shutting down plugin 'INNODB_SYS_INDEXES'
2017-06-19 14:01:34 12800 [Note] Shutting down plugin 'INNODB_SYS_TABLESTATS'
2017-06-19 14:01:34 12800 [Note] Shutting down plugin 'INNODB_SYS_TABLES'
2017-06-19 14:01:34 12800 [Note] Shutting down plugin 'INNODB_FT_INDEX_TABLE'
2017-06-19 14:01:34 12800 [Note] Shutting down plugin 'INNODB_FT_INDEX_CACHE'
2017-06-19 14:01:34 12800 [Note] Shutting down plugin 'INNODB_FT_CONFIG'
2017-06-19 14:01:34 12800 [Note] Shutting down plugin 'INNODB_FT_BEING_DELETED'
2017-06-19 14:01:34 12800 [Note] Shutting down plugin 'INNODB_FT_DELETED'
2017-06-19 14:01:34 12800 [Note] Shutting down plugin 'INNODB_FT_DEFAULT_STOPWORD'
2017-06-19 14:01:34 12800 [Note] Shutting down plugin 'INNODB_METRICS'
2017-06-19 14:01:34 12800 [Note] Shutting down plugin 'INNODB_BUFFER_POOL_STATS'
2017-06-19 14:01:34 12800 [Note] Shutting down plugin 'INNODB_BUFFER_PAGE_LRU'
2017-06-19 14:01:34 12800 [Note] Shutting down plugin 'INNODB_BUFFER_PAGE'
2017-06-19 14:01:34 12800 [Note] Shutting down plugin 'INNODB_CMP_PER_INDEX_RESET'
2017-06-19 14:01:34 12800 [Note] Shutting down plugin 'INNODB_CMP_PER_INDEX'
2017-06-19 14:01:34 12800 [Note] Shutting down plugin 'INNODB_CMPMEM_RESET'
2017-06-19 14:01:34 12800 [Note] Shutting down plugin 'INNODB_CMPMEM'
2017-06-19 14:01:34 12800 [Note] Shutting down plugin 'INNODB_CMP_RESET'
2017-06-19 14:01:34 12800 [Note] Shutting down plugin 'INNODB_CMP'
2017-06-19 14:01:34 12800 [Note] Shutting down plugin 'INNODB_LOCK_WAITS'
2017-06-19 14:01:34 12800 [Note] Shutting down plugin 'INNODB_LOCKS'
2017-06-19 14:01:34 12800 [Note] Shutting down plugin 'INNODB_TRX'
2017-06-19 14:01:34 12800 [Note] Shutting down plugin 'InnoDB'
2017-06-19 14:01:34 12800 [Note] InnoDB: FTS optimize thread exiting.
2017-06-19 14:01:34 12800 [Note] InnoDB: Starting shutdown...
2017-06-19 14:01:35 12800 [Note] InnoDB: Shutdown completed; log sequence number 1771192
2017-06-19 14:01:35 12800 [Note] Shutting down plugin 'BLACKHOLE'
2017-06-19 14:01:35 12800 [Note] Shutting down plugin 'ARCHIVE'
2017-06-19 14:01:35 12800 [Note] Shutting down plugin 'MRG_MYISAM'
2017-06-19 14:01:35 12800 [Note] Shutting down plugin 'MyISAM'
2017-06-19 14:01:35 12800 [Note] Shutting down plugin 'MEMORY'
2017-06-19 14:01:35 12800 [Note] Shutting down plugin 'CSV'
2017-06-19 14:01:35 12800 [Note] Shutting down plugin 'sha256_password'
2017-06-19 14:01:35 12800 [Note] Shutting down plugin 'mysql_old_password'
2017-06-19 14:01:35 12800 [Note] Shutting down plugin 'mysql_native_password'
2017-06-19 14:01:35 12800 [Note] Shutting down plugin 'binlog'
2017-06-19 14:01:35 12800 [Note] B:\Lucee_portable\UniServerZ\core\mysql\bin\mysqld_z.exe: Shutdown complete

2017-06-19 14:19:20 8032 [Note] Plugin 'FEDERATED' is disabled.
2017-06-19 14:19:20 8032 [Note] InnoDB: Using atomics to ref count buffer pool pages
2017-06-19 14:19:20 8032 [Note] InnoDB: The InnoDB memory heap is disabled
2017-06-19 14:19:20 8032 [Note] InnoDB: Mutexes and rw_locks use Windows interlocked functions
2017-06-19 14:19:20 8032 [Note] InnoDB: Memory barrier is not used
2017-06-19 14:19:20 8032 [Note] InnoDB: Compressed tables use zlib 1.2.3
2017-06-19 14:19:20 8032 [Note] InnoDB: Not using CPU crc32 instructions
2017-06-19 14:19:20 8032 [Note] InnoDB: Initializing buffer pool, size = 32.0M
2017-06-19 14:19:20 8032 [Note] InnoDB: Completed initialization of buffer pool
2017-06-19 14:19:20 8032 [Note] InnoDB: Highest supported file format is Barracuda.
2017-06-19 14:19:20 8032 [Note] InnoDB: 128 rollback segment(s) are active.
2017-06-19 14:19:20 8032 [Note] InnoDB: Waiting for purge to start
2017-06-19 14:19:20 8032 [Note] InnoDB: 5.6.35 started; log sequence number 1771192
2017-06-19 14:19:20 8032 [Note] Server hostname (bind-address): '127.0.0.1'; port: 3306
2017-06-19 14:19:20 8032 [Note]   - '127.0.0.1' resolves to '127.0.0.1';
2017-06-19 14:19:20 8032 [Note] Server socket created on IP: '127.0.0.1'.
2017-06-19 14:19:20 8032 [Note] Event Scheduler: Loaded 0 events
2017-06-19 14:19:20 8032 [Note] Execution of init_file 'B:\Lucee_portable\UniServerZ\core\mysql\bin\mysql-init.txt' started.
2017-06-19 14:19:20 8032 [Note] Execution of init_file 'B:\Lucee_portable\UniServerZ\core\mysql\bin\mysql-init.txt' ended.
2017-06-19 14:19:20 8032 [Note] B:\Lucee_portable\UniServerZ\core\mysql\bin\mysqld_z.exe: ready for connections.
Version: '5.6.35'  socket: ''  port: 3306  MySQL Community Server (GPL)
2017-06-19 15:50:50 8692 [Note] Plugin 'FEDERATED' is disabled.
2017-06-19 15:50:50 8692 [Note] InnoDB: Using atomics to ref count buffer pool pages
2017-06-19 15:50:50 8692 [Note] InnoDB: The InnoDB memory heap is disabled
2017-06-19 15:50:50 8692 [Note] InnoDB: Mutexes and rw_locks use Windows interlocked functions
2017-06-19 15:50:50 8692 [Note] InnoDB: Memory barrier is not used
2017-06-19 15:50:50 8692 [Note] InnoDB: Compressed tables use zlib 1.2.3
2017-06-19 15:50:50 8692 [Note] InnoDB: Not using CPU crc32 instructions
2017-06-19 15:50:50 8692 [Note] InnoDB: Initializing buffer pool, size = 32.0M
2017-06-19 15:50:50 8692 [Note] InnoDB: Completed initialization of buffer pool
2017-06-19 15:50:50 8692 [Note] InnoDB: Highest supported file format is Barracuda.
2017-06-19 15:50:50 8692 [Note] InnoDB: 128 rollback segment(s) are active.
2017-06-19 15:50:50 8692 [Note] InnoDB: Waiting for purge to start
2017-06-19 15:50:50 8692 [Note] InnoDB: 5.6.35 started; log sequence number 1771192
2017-06-19 15:50:50 8692 [Note] Server hostname (bind-address): '127.0.0.1'; port: 3306
2017-06-19 15:50:50 8692 [Note]   - '127.0.0.1' resolves to '127.0.0.1';
2017-06-19 15:50:50 8692 [Note] Server socket created on IP: '127.0.0.1'.
2017-06-19 15:50:50 8692 [Note] Event Scheduler: Loaded 0 events
2017-06-19 15:50:50 8692 [Note] Execution of init_file 'B:\Lucee_portable\UniServerZ\core\mysql\bin\mysql-init.txt' started.
2017-06-19 15:50:50 8692 [Note] Execution of init_file 'B:\Lucee_portable\UniServerZ\core\mysql\bin\mysql-init.txt' ended.
2017-06-19 15:50:50 8692 [Note] B:\Lucee_portable\UniServerZ\core\mysql\bin\mysqld_z.exe: ready for connections.
Version: '5.6.35'  socket: ''  port: 3306  MySQL Community Server (GPL)
2017-07-15 20:26:00 11164 [Note] Plugin 'FEDERATED' is disabled.
2017-07-15 20:26:01 11164 [Note] InnoDB: Using atomics to ref count buffer pool pages
2017-07-15 20:26:01 11164 [Note] InnoDB: The InnoDB memory heap is disabled
2017-07-15 20:26:01 11164 [Note] InnoDB: Mutexes and rw_locks use Windows interlocked functions
2017-07-15 20:26:01 11164 [Note] InnoDB: Memory barrier is not used
2017-07-15 20:26:01 11164 [Note] InnoDB: Compressed tables use zlib 1.2.3
2017-07-15 20:26:01 11164 [Note] InnoDB: Not using CPU crc32 instructions
2017-07-15 20:26:01 11164 [Note] InnoDB: Initializing buffer pool, size = 32.0M
2017-07-15 20:26:01 11164 [Note] InnoDB: Completed initialization of buffer pool
2017-07-15 20:26:01 11164 [Note] InnoDB: Highest supported file format is Barracuda.
2017-07-15 20:26:01 11164 [Note] InnoDB: 128 rollback segment(s) are active.
2017-07-15 20:26:01 11164 [Note] InnoDB: Waiting for purge to start
2017-07-15 20:26:01 11164 [Note] InnoDB: 5.6.35 started; log sequence number 1771192
2017-07-15 20:26:01 11164 [Note] Server hostname (bind-address): '127.0.0.1'; port: 3306
2017-07-15 20:26:01 11164 [Note]   - '127.0.0.1' resolves to '127.0.0.1';
2017-07-15 20:26:01 11164 [Note] Server socket created on IP: '127.0.0.1'.
2017-07-15 20:26:02 11164 [Note] Event Scheduler: Loaded 0 events
2017-07-15 20:26:02 11164 [Note] B:\Lucee_portable\UniServerZ\core\mysql\bin\mysqld_z.exe: ready for connections.
Version: '5.6.35'  socket: ''  port: 3306  MySQL Community Server (GPL)
2017-07-15 20:32:56 11164 [Note] B:\Lucee_portable\UniServerZ\core\mysql\bin\mysqld_z.exe: Normal shutdown

2017-07-15 20:32:56 11164 [Note] Giving 0 client threads a chance to die gracefully
2017-07-15 20:32:56 11164 [Note] Event Scheduler: Purging the queue. 0 events
2017-07-15 20:32:56 11164 [Note] Shutting down slave threads
2017-07-15 20:32:56 11164 [Note] Forcefully disconnecting 0 remaining clients
2017-07-15 20:32:56 11164 [Note] Binlog end
2017-07-15 20:32:56 11164 [Note] Shutting down plugin 'partition'
2017-07-15 20:32:56 11164 [Note] Shutting down plugin 'PERFORMANCE_SCHEMA'
2017-07-15 20:32:56 11164 [Note] Shutting down plugin 'INNODB_SYS_DATAFILES'
2017-07-15 20:32:56 11164 [Note] Shutting down plugin 'INNODB_SYS_TABLESPACES'
2017-07-15 20:32:56 11164 [Note] Shutting down plugin 'INNODB_SYS_FOREIGN_COLS'
2017-07-15 20:32:56 11164 [Note] Shutting down plugin 'INNODB_SYS_FOREIGN'
2017-07-15 20:32:56 11164 [Note] Shutting down plugin 'INNODB_SYS_FIELDS'
2017-07-15 20:32:56 11164 [Note] Shutting down plugin 'INNODB_SYS_COLUMNS'
2017-07-15 20:32:56 11164 [Note] Shutting down plugin 'INNODB_SYS_INDEXES'
2017-07-15 20:32:56 11164 [Note] Shutting down plugin 'INNODB_SYS_TABLESTATS'
2017-07-15 20:32:56 11164 [Note] Shutting down plugin 'INNODB_SYS_TABLES'
2017-07-15 20:32:56 11164 [Note] Shutting down plugin 'INNODB_FT_INDEX_TABLE'
2017-07-15 20:32:56 11164 [Note] Shutting down plugin 'INNODB_FT_INDEX_CACHE'
2017-07-15 20:32:56 11164 [Note] Shutting down plugin 'INNODB_FT_CONFIG'
2017-07-15 20:32:56 11164 [Note] Shutting down plugin 'INNODB_FT_BEING_DELETED'
2017-07-15 20:32:56 11164 [Note] Shutting down plugin 'INNODB_FT_DELETED'
2017-07-15 20:32:56 11164 [Note] Shutting down plugin 'INNODB_FT_DEFAULT_STOPWORD'
2017-07-15 20:32:56 11164 [Note] Shutting down plugin 'INNODB_METRICS'
2017-07-15 20:32:56 11164 [Note] Shutting down plugin 'INNODB_BUFFER_POOL_STATS'
2017-07-15 20:32:56 11164 [Note] Shutting down plugin 'INNODB_BUFFER_PAGE_LRU'
2017-07-15 20:32:56 11164 [Note] Shutting down plugin 'INNODB_BUFFER_PAGE'
2017-07-15 20:32:56 11164 [Note] Shutting down plugin 'INNODB_CMP_PER_INDEX_RESET'
2017-07-15 20:32:56 11164 [Note] Shutting down plugin 'INNODB_CMP_PER_INDEX'
2017-07-15 20:32:56 11164 [Note] Shutting down plugin 'INNODB_CMPMEM_RESET'
2017-07-15 20:32:56 11164 [Note] Shutting down plugin 'INNODB_CMPMEM'
2017-07-15 20:32:56 11164 [Note] Shutting down plugin 'INNODB_CMP_RESET'
2017-07-15 20:32:56 11164 [Note] Shutting down plugin 'INNODB_CMP'
2017-07-15 20:32:56 11164 [Note] Shutting down plugin 'INNODB_LOCK_WAITS'
2017-07-15 20:32:56 11164 [Note] Shutting down plugin 'INNODB_LOCKS'
2017-07-15 20:32:56 11164 [Note] Shutting down plugin 'INNODB_TRX'
2017-07-15 20:32:56 11164 [Note] Shutting down plugin 'InnoDB'
2017-07-15 20:32:56 11164 [Note] InnoDB: FTS optimize thread exiting.
2017-07-15 20:32:56 11164 [Note] InnoDB: Starting shutdown...
2017-07-15 20:32:57 11164 [Note] InnoDB: Shutdown completed; log sequence number 1771202
2017-07-15 20:32:57 11164 [Note] Shutting down plugin 'BLACKHOLE'
2017-07-15 20:32:57 11164 [Note] Shutting down plugin 'ARCHIVE'
2017-07-15 20:32:57 11164 [Note] Shutting down plugin 'MRG_MYISAM'
2017-07-15 20:32:57 11164 [Note] Shutting down plugin 'MyISAM'
2017-07-15 20:32:57 11164 [Note] Shutting down plugin 'MEMORY'
2017-07-15 20:32:57 11164 [Note] Shutting down plugin 'CSV'
2017-07-15 20:32:57 11164 [Note] Shutting down plugin 'sha256_password'
2017-07-15 20:32:57 11164 [Note] Shutting down plugin 'mysql_old_password'
2017-07-15 20:32:57 11164 [Note] Shutting down plugin 'mysql_native_password'
2017-07-15 20:32:57 11164 [Note] Shutting down plugin 'binlog'
2017-07-15 20:32:57 11164 [Note] B:\Lucee_portable\UniServerZ\core\mysql\bin\mysqld_z.exe: Shutdown complete

2017-10-21 17:38:46 3744 [Note] Plugin 'FEDERATED' is disabled.
2017-10-21 17:38:46 3744 [Note] InnoDB: Using atomics to ref count buffer pool pages
2017-10-21 17:38:46 3744 [Note] InnoDB: The InnoDB memory heap is disabled
2017-10-21 17:38:46 3744 [Note] InnoDB: Mutexes and rw_locks use Windows interlocked functions
2017-10-21 17:38:46 3744 [Note] InnoDB: Memory barrier is not used
2017-10-21 17:38:46 3744 [Note] InnoDB: Compressed tables use zlib 1.2.3
2017-10-21 17:38:46 3744 [Note] InnoDB: Not using CPU crc32 instructions
2017-10-21 17:38:46 3744 [Note] InnoDB: Initializing buffer pool, size = 32.0M
2017-10-21 17:38:46 3744 [Note] InnoDB: Completed initialization of buffer pool
2017-10-21 17:38:46 3744 [Note] InnoDB: Highest supported file format is Barracuda.
2017-10-21 17:38:56 3744 [Note] InnoDB: 128 rollback segment(s) are active.
2017-10-21 17:38:57 3744 [Note] InnoDB: Waiting for purge to start
2017-10-21 17:38:57 3744 [Note] InnoDB: 5.6.35 started; log sequence number 1771202
2017-10-21 17:38:57 3744 [Note] Server hostname (bind-address): '127.0.0.1'; port: 3306
2017-10-21 17:38:57 3744 [Note]   - '127.0.0.1' resolves to '127.0.0.1';
2017-10-21 17:38:57 3744 [Note] Server socket created on IP: '127.0.0.1'.
2017-10-21 17:39:15 3744 [Note] Event Scheduler: Loaded 0 events
2017-10-21 17:39:15 3744 [Note] B:\Lucee_portable\UniServerZ\core\mysql\bin\mysqld_z.exe: ready for connections.
Version: '5.6.35'  socket: ''  port: 3306  MySQL Community Server (GPL)
2018-02-18 12:06:50 7716 [Note] Plugin 'FEDERATED' is disabled.
2018-02-18 12:06:50 7716 [Note] InnoDB: Using atomics to ref count buffer pool pages
2018-02-18 12:06:50 7716 [Note] InnoDB: The InnoDB memory heap is disabled
2018-02-18 12:06:50 7716 [Note] InnoDB: Mutexes and rw_locks use Windows interlocked functions
2018-02-18 12:06:50 7716 [Note] InnoDB: Memory barrier is not used
2018-02-18 12:06:50 7716 [Note] InnoDB: Compressed tables use zlib 1.2.3
2018-02-18 12:06:50 7716 [Note] InnoDB: Not using CPU crc32 instructions
2018-02-18 12:06:50 7716 [Note] InnoDB: Initializing buffer pool, size = 32.0M
2018-02-18 12:06:50 7716 [Note] InnoDB: Completed initialization of buffer pool
2018-02-18 12:06:50 7716 [Note] InnoDB: Highest supported file format is Barracuda.
2018-02-18 12:06:50 7716 [Note] InnoDB: The log sequence numbers 1771202 and 1771202 in ibdata files do not match the log sequence number 1771212 in the ib_logfiles!
2018-02-18 12:06:50 7716 [Note] InnoDB: Database was not shutdown normally!
2018-02-18 12:06:50 7716 [Note] InnoDB: Starting crash recovery.
2018-02-18 12:06:50 7716 [Note] InnoDB: Reading tablespace information from the .ibd files...
2018-02-18 12:06:51 7716 [Note] InnoDB: Restoring possible half-written data pages 
2018-02-18 12:06:51 7716 [Note] InnoDB: from the doublewrite buffer...
2018-02-18 12:06:53 7716 [Note] InnoDB: 128 rollback segment(s) are active.
2018-02-18 12:06:53 7716 [Note] InnoDB: Waiting for purge to start
2018-02-18 12:06:53 7716 [Note] InnoDB: 5.6.35 started; log sequence number 1771212
2018-02-18 12:06:53 7716 [Note] Server hostname (bind-address): '127.0.0.1'; port: 3306
2018-02-18 12:06:53 7716 [Note]   - '127.0.0.1' resolves to '127.0.0.1';
2018-02-18 12:06:53 7716 [Note] Server socket created on IP: '127.0.0.1'.
2018-02-18 12:06:56 7716 [Note] Event Scheduler: Loaded 0 events
2018-02-18 12:06:56 7716 [Note] B:\Lucee_portable\UniServerZ\core\mysql\bin\mysqld_z.exe: ready for connections.
Version: '5.6.35'  socket: ''  port: 3306  MySQL Community Server (GPL)
2018-02-18 12:20:05 7716 [Note] B:\Lucee_portable\UniServerZ\core\mysql\bin\mysqld_z.exe: Normal shutdown

2018-02-18 12:20:05 7716 [Note] Giving 0 client threads a chance to die gracefully
2018-02-18 12:20:05 7716 [Note] Event Scheduler: Purging the queue. 0 events
2018-02-18 12:20:05 7716 [Note] Shutting down slave threads
2018-02-18 12:20:05 7716 [Note] Forcefully disconnecting 0 remaining clients
2018-02-18 12:20:05 7716 [Note] Binlog end
2018-02-18 12:20:05 7716 [Note] Shutting down plugin 'partition'
2018-02-18 12:20:05 7716 [Note] Shutting down plugin 'PERFORMANCE_SCHEMA'
2018-02-18 12:20:05 7716 [Note] Shutting down plugin 'INNODB_SYS_DATAFILES'
2018-02-18 12:20:05 7716 [Note] Shutting down plugin 'INNODB_SYS_TABLESPACES'
2018-02-18 12:20:05 7716 [Note] Shutting down plugin 'INNODB_SYS_FOREIGN_COLS'
2018-02-18 12:20:05 7716 [Note] Shutting down plugin 'INNODB_SYS_FOREIGN'
2018-02-18 12:20:05 7716 [Note] Shutting down plugin 'INNODB_SYS_FIELDS'
2018-02-18 12:20:05 7716 [Note] Shutting down plugin 'INNODB_SYS_COLUMNS'
2018-02-18 12:20:05 7716 [Note] Shutting down plugin 'INNODB_SYS_INDEXES'
2018-02-18 12:20:05 7716 [Note] Shutting down plugin 'INNODB_SYS_TABLESTATS'
2018-02-18 12:20:05 7716 [Note] Shutting down plugin 'INNODB_SYS_TABLES'
2018-02-18 12:20:05 7716 [Note] Shutting down plugin 'INNODB_FT_INDEX_TABLE'
2018-02-18 12:20:05 7716 [Note] Shutting down plugin 'INNODB_FT_INDEX_CACHE'
2018-02-18 12:20:05 7716 [Note] Shutting down plugin 'INNODB_FT_CONFIG'
2018-02-18 12:20:05 7716 [Note] Shutting down plugin 'INNODB_FT_BEING_DELETED'
2018-02-18 12:20:05 7716 [Note] Shutting down plugin 'INNODB_FT_DELETED'
2018-02-18 12:20:05 7716 [Note] Shutting down plugin 'INNODB_FT_DEFAULT_STOPWORD'
2018-02-18 12:20:05 7716 [Note] Shutting down plugin 'INNODB_METRICS'
2018-02-18 12:20:05 7716 [Note] Shutting down plugin 'INNODB_BUFFER_POOL_STATS'
2018-02-18 12:20:05 7716 [Note] Shutting down plugin 'INNODB_BUFFER_PAGE_LRU'
2018-02-18 12:20:05 7716 [Note] Shutting down plugin 'INNODB_BUFFER_PAGE'
2018-02-18 12:20:05 7716 [Note] Shutting down plugin 'INNODB_CMP_PER_INDEX_RESET'
2018-02-18 12:20:05 7716 [Note] Shutting down plugin 'INNODB_CMP_PER_INDEX'
2018-02-18 12:20:05 7716 [Note] Shutting down plugin 'INNODB_CMPMEM_RESET'
2018-02-18 12:20:05 7716 [Note] Shutting down plugin 'INNODB_CMPMEM'
2018-02-18 12:20:05 7716 [Note] Shutting down plugin 'INNODB_CMP_RESET'
2018-02-18 12:20:05 7716 [Note] Shutting down plugin 'INNODB_CMP'
2018-02-18 12:20:05 7716 [Note] Shutting down plugin 'INNODB_LOCK_WAITS'
2018-02-18 12:20:05 7716 [Note] Shutting down plugin 'INNODB_LOCKS'
2018-02-18 12:20:05 7716 [Note] Shutting down plugin 'INNODB_TRX'
2018-02-18 12:20:05 7716 [Note] Shutting down plugin 'InnoDB'
2018-02-18 12:20:05 7716 [Note] InnoDB: FTS optimize thread exiting.
2018-02-18 12:20:05 7716 [Note] InnoDB: Starting shutdown...
2018-02-18 12:20:06 7716 [Note] InnoDB: Shutdown completed; log sequence number 1771222
2018-02-18 12:20:06 7716 [Note] Shutting down plugin 'BLACKHOLE'
2018-02-18 12:20:06 7716 [Note] Shutting down plugin 'ARCHIVE'
2018-02-18 12:20:06 7716 [Note] Shutting down plugin 'MRG_MYISAM'
2018-02-18 12:20:06 7716 [Note] Shutting down plugin 'MyISAM'
2018-02-18 12:20:06 7716 [Note] Shutting down plugin 'MEMORY'
2018-02-18 12:20:06 7716 [Note] Shutting down plugin 'CSV'
2018-02-18 12:20:06 7716 [Note] Shutting down plugin 'sha256_password'
2018-02-18 12:20:06 7716 [Note] Shutting down plugin 'mysql_old_password'
2018-02-18 12:20:06 7716 [Note] Shutting down plugin 'mysql_native_password'
2018-02-18 12:20:06 7716 [Note] Shutting down plugin 'binlog'
2018-02-18 12:20:06 7716 [Note] B:\Lucee_portable\UniServerZ\core\mysql\bin\mysqld_z.exe: Shutdown complete

2018-02-18 12:27:22 18632 [Note] Plugin 'FEDERATED' is disabled.
2018-02-18 12:27:22 18632 [Note] InnoDB: Using atomics to ref count buffer pool pages
2018-02-18 12:27:22 18632 [Note] InnoDB: The InnoDB memory heap is disabled
2018-02-18 12:27:22 18632 [Note] InnoDB: Mutexes and rw_locks use Windows interlocked functions
2018-02-18 12:27:22 18632 [Note] InnoDB: Memory barrier is not used
2018-02-18 12:27:22 18632 [Note] InnoDB: Compressed tables use zlib 1.2.3
2018-02-18 12:27:22 18632 [Note] InnoDB: Not using CPU crc32 instructions
2018-02-18 12:27:22 18632 [Note] InnoDB: Initializing buffer pool, size = 32.0M
2018-02-18 12:27:22 18632 [Note] InnoDB: Completed initialization of buffer pool
2018-02-18 12:27:22 18632 [Note] InnoDB: Highest supported file format is Barracuda.
2018-02-18 12:27:22 18632 [Note] InnoDB: 128 rollback segment(s) are active.
2018-02-18 12:27:22 18632 [Note] InnoDB: Waiting for purge to start
2018-02-18 12:27:22 18632 [Note] InnoDB: 5.6.35 started; log sequence number 1771222
2018-02-18 12:27:22 18632 [Note] Server hostname (bind-address): '127.0.0.1'; port: 3306
2018-02-18 12:27:22 18632 [Note]   - '127.0.0.1' resolves to '127.0.0.1';
2018-02-18 12:27:22 18632 [Note] Server socket created on IP: '127.0.0.1'.
2018-02-18 12:27:22 18632 [Note] Event Scheduler: Loaded 0 events
2018-02-18 12:27:22 18632 [Note] B:\Lucee_portable\UniServerZ\core\mysql\bin\mysqld_z.exe: ready for connections.
Version: '5.6.35'  socket: ''  port: 3306  MySQL Community Server (GPL)
2018-02-18 12:35:48 18632 [Note] B:\Lucee_portable\UniServerZ\core\mysql\bin\mysqld_z.exe: Normal shutdown

2018-02-18 12:35:48 18632 [Note] Giving 0 client threads a chance to die gracefully
2018-02-18 12:35:48 18632 [Note] Event Scheduler: Purging the queue. 0 events
2018-02-18 12:35:48 18632 [Note] Shutting down slave threads
2018-02-18 12:35:48 18632 [Note] Forcefully disconnecting 0 remaining clients
2018-02-18 12:35:48 18632 [Note] Binlog end
2018-02-18 12:35:48 18632 [Note] Shutting down plugin 'partition'
2018-02-18 12:35:48 18632 [Note] Shutting down plugin 'PERFORMANCE_SCHEMA'
2018-02-18 12:35:48 18632 [Note] Shutting down plugin 'INNODB_SYS_DATAFILES'
2018-02-18 12:35:48 18632 [Note] Shutting down plugin 'INNODB_SYS_TABLESPACES'
2018-02-18 12:35:48 18632 [Note] Shutting down plugin 'INNODB_SYS_FOREIGN_COLS'
2018-02-18 12:35:48 18632 [Note] Shutting down plugin 'INNODB_SYS_FOREIGN'
2018-02-18 12:35:48 18632 [Note] Shutting down plugin 'INNODB_SYS_FIELDS'
2018-02-18 12:35:48 18632 [Note] Shutting down plugin 'INNODB_SYS_COLUMNS'
2018-02-18 12:35:48 18632 [Note] Shutting down plugin 'INNODB_SYS_INDEXES'
2018-02-18 12:35:48 18632 [Note] Shutting down plugin 'INNODB_SYS_TABLESTATS'
2018-02-18 12:35:48 18632 [Note] Shutting down plugin 'INNODB_SYS_TABLES'
2018-02-18 12:35:48 18632 [Note] Shutting down plugin 'INNODB_FT_INDEX_TABLE'
2018-02-18 12:35:48 18632 [Note] Shutting down plugin 'INNODB_FT_INDEX_CACHE'
2018-02-18 12:35:48 18632 [Note] Shutting down plugin 'INNODB_FT_CONFIG'
2018-02-18 12:35:48 18632 [Note] Shutting down plugin 'INNODB_FT_BEING_DELETED'
2018-02-18 12:35:48 18632 [Note] Shutting down plugin 'INNODB_FT_DELETED'
2018-02-18 12:35:48 18632 [Note] Shutting down plugin 'INNODB_FT_DEFAULT_STOPWORD'
2018-02-18 12:35:48 18632 [Note] Shutting down plugin 'INNODB_METRICS'
2018-02-18 12:35:48 18632 [Note] Shutting down plugin 'INNODB_BUFFER_POOL_STATS'
2018-02-18 12:35:48 18632 [Note] Shutting down plugin 'INNODB_BUFFER_PAGE_LRU'
2018-02-18 12:35:48 18632 [Note] Shutting down plugin 'INNODB_BUFFER_PAGE'
2018-02-18 12:35:48 18632 [Note] Shutting down plugin 'INNODB_CMP_PER_INDEX_RESET'
2018-02-18 12:35:48 18632 [Note] Shutting down plugin 'INNODB_CMP_PER_INDEX'
2018-02-18 12:35:48 18632 [Note] Shutting down plugin 'INNODB_CMPMEM_RESET'
2018-02-18 12:35:48 18632 [Note] Shutting down plugin 'INNODB_CMPMEM'
2018-02-18 12:35:48 18632 [Note] Shutting down plugin 'INNODB_CMP_RESET'
2018-02-18 12:35:48 18632 [Note] Shutting down plugin 'INNODB_CMP'
2018-02-18 12:35:48 18632 [Note] Shutting down plugin 'INNODB_LOCK_WAITS'
2018-02-18 12:35:48 18632 [Note] Shutting down plugin 'INNODB_LOCKS'
2018-02-18 12:35:48 18632 [Note] Shutting down plugin 'INNODB_TRX'
2018-02-18 12:35:48 18632 [Note] Shutting down plugin 'InnoDB'
2018-02-18 12:35:48 18632 [Note] InnoDB: FTS optimize thread exiting.
2018-02-18 12:35:48 18632 [Note] InnoDB: Starting shutdown...
2018-02-18 12:35:50 18632 [Note] InnoDB: Shutdown completed; log sequence number 1771232
2018-02-18 12:35:50 18632 [Note] Shutting down plugin 'BLACKHOLE'
2018-02-18 12:35:50 18632 [Note] Shutting down plugin 'ARCHIVE'
2018-02-18 12:35:50 18632 [Note] Shutting down plugin 'MRG_MYISAM'
2018-02-18 12:35:50 18632 [Note] Shutting down plugin 'MyISAM'
2018-02-18 12:35:50 18632 [Note] Shutting down plugin 'MEMORY'
2018-02-18 12:35:50 18632 [Note] Shutting down plugin 'CSV'
2018-02-18 12:35:50 18632 [Note] Shutting down plugin 'sha256_password'
2018-02-18 12:35:50 18632 [Note] Shutting down plugin 'mysql_old_password'
2018-02-18 12:35:50 18632 [Note] Shutting down plugin 'mysql_native_password'
2018-02-18 12:35:50 18632 [Note] Shutting down plugin 'binlog'
2018-02-18 12:35:50 18632 [Note] B:\Lucee_portable\UniServerZ\core\mysql\bin\mysqld_z.exe: Shutdown complete

2018-03-11 14:34:17 25368 [Note] Plugin 'FEDERATED' is disabled.
2018-03-11 14:34:17 25368 [Note] InnoDB: Using atomics to ref count buffer pool pages
2018-03-11 14:34:17 25368 [Note] InnoDB: The InnoDB memory heap is disabled
2018-03-11 14:34:17 25368 [Note] InnoDB: Mutexes and rw_locks use Windows interlocked functions
2018-03-11 14:34:17 25368 [Note] InnoDB: Memory barrier is not used
2018-03-11 14:34:17 25368 [Note] InnoDB: Compressed tables use zlib 1.2.3
2018-03-11 14:34:17 25368 [Note] InnoDB: Not using CPU crc32 instructions
2018-03-11 14:34:17 25368 [Note] InnoDB: Initializing buffer pool, size = 32.0M
2018-03-11 14:34:17 25368 [Note] InnoDB: Completed initialization of buffer pool
2018-03-11 14:34:17 25368 [Note] InnoDB: Highest supported file format is Barracuda.
2018-03-11 14:34:17 25368 [Note] InnoDB: 128 rollback segment(s) are active.
2018-03-11 14:34:17 25368 [Note] InnoDB: Waiting for purge to start
2018-03-11 14:34:17 25368 [Note] InnoDB: 5.6.35 started; log sequence number 1771232
2018-03-11 14:34:17 25368 [Note] Server hostname (bind-address): '127.0.0.1'; port: 3306
2018-03-11 14:34:17 25368 [Note]   - '127.0.0.1' resolves to '127.0.0.1';
2018-03-11 14:34:17 25368 [Note] Server socket created on IP: '127.0.0.1'.
2018-03-11 14:34:18 25368 [Note] Event Scheduler: Loaded 0 events
2018-03-11 14:34:18 25368 [Note] B:\Lucee_portable\UniServerZ\core\mysql\bin\mysqld_z.exe: ready for connections.
Version: '5.6.35'  socket: ''  port: 3306  MySQL Community Server (GPL)
2018-03-11 18:16:16 25276 [Note] Plugin 'FEDERATED' is disabled.
2018-03-11 18:16:16 25276 [Note] InnoDB: Using atomics to ref count buffer pool pages
2018-03-11 18:16:16 25276 [Note] InnoDB: The InnoDB memory heap is disabled
2018-03-11 18:16:16 25276 [Note] InnoDB: Mutexes and rw_locks use Windows interlocked functions
2018-03-11 18:16:16 25276 [Note] InnoDB: Memory barrier is not used
2018-03-11 18:16:16 25276 [Note] InnoDB: Compressed tables use zlib 1.2.3
2018-03-11 18:16:16 25276 [Note] InnoDB: Not using CPU crc32 instructions
2018-03-11 18:16:16 25276 [Note] InnoDB: Initializing buffer pool, size = 32.0M
2018-03-11 18:16:16 25276 [Note] InnoDB: Completed initialization of buffer pool
2018-03-11 18:16:16 25276 [Note] InnoDB: Highest supported file format is Barracuda.
2018-03-11 18:16:16 25276 [Note] InnoDB: The log sequence numbers 1771232 and 1771232 in ibdata files do not match the log sequence number 1771242 in the ib_logfiles!
2018-03-11 18:16:16 25276 [Note] InnoDB: Database was not shutdown normally!
2018-03-11 18:16:16 25276 [Note] InnoDB: Starting crash recovery.
2018-03-11 18:16:16 25276 [Note] InnoDB: Reading tablespace information from the .ibd files...
2018-03-11 18:16:16 25276 [Note] InnoDB: Restoring possible half-written data pages 
2018-03-11 18:16:16 25276 [Note] InnoDB: from the doublewrite buffer...
2018-03-11 18:16:17 25276 [Note] InnoDB: 128 rollback segment(s) are active.
2018-03-11 18:16:17 25276 [Note] InnoDB: Waiting for purge to start
2018-03-11 18:16:17 25276 [Note] InnoDB: 5.6.35 started; log sequence number 1771242
2018-03-11 18:16:17 25276 [Note] Server hostname (bind-address): '127.0.0.1'; port: 3306
2018-03-11 18:16:17 25276 [Note]   - '127.0.0.1' resolves to '127.0.0.1';
2018-03-11 18:16:17 25276 [Note] Server socket created on IP: '127.0.0.1'.
2018-03-11 18:16:18 25276 [Note] Event Scheduler: Loaded 0 events
2018-03-11 18:16:18 25276 [Note] B:\apps\Lucee_portable_release\UniServerZ\core\mysql\bin\mysqld_z.exe: ready for connections.
Version: '5.6.35'  socket: ''  port: 3306  MySQL Community Server (GPL)
2018-03-11 18:22:03 25276 [Note] B:\apps\Lucee_portable_release\UniServerZ\core\mysql\bin\mysqld_z.exe: Normal shutdown

2018-03-11 18:22:03 25276 [Note] Giving 0 client threads a chance to die gracefully
2018-03-11 18:22:03 25276 [Note] Event Scheduler: Purging the queue. 0 events
2018-03-11 18:22:03 25276 [Note] Shutting down slave threads
2018-03-11 18:22:03 25276 [Note] Forcefully disconnecting 0 remaining clients
2018-03-11 18:22:03 25276 [Note] Binlog end
2018-03-11 18:22:03 25276 [Note] Shutting down plugin 'partition'
2018-03-11 18:22:03 25276 [Note] Shutting down plugin 'PERFORMANCE_SCHEMA'
2018-03-11 18:22:03 25276 [Note] Shutting down plugin 'INNODB_SYS_DATAFILES'
2018-03-11 18:22:03 25276 [Note] Shutting down plugin 'INNODB_SYS_TABLESPACES'
2018-03-11 18:22:03 25276 [Note] Shutting down plugin 'INNODB_SYS_FOREIGN_COLS'
2018-03-11 18:22:03 25276 [Note] Shutting down plugin 'INNODB_SYS_FOREIGN'
2018-03-11 18:22:03 25276 [Note] Shutting down plugin 'INNODB_SYS_FIELDS'
2018-03-11 18:22:03 25276 [Note] Shutting down plugin 'INNODB_SYS_COLUMNS'
2018-03-11 18:22:03 25276 [Note] Shutting down plugin 'INNODB_SYS_INDEXES'
2018-03-11 18:22:03 25276 [Note] Shutting down plugin 'INNODB_SYS_TABLESTATS'
2018-03-11 18:22:03 25276 [Note] Shutting down plugin 'INNODB_SYS_TABLES'
2018-03-11 18:22:03 25276 [Note] Shutting down plugin 'INNODB_FT_INDEX_TABLE'
2018-03-11 18:22:03 25276 [Note] Shutting down plugin 'INNODB_FT_INDEX_CACHE'
2018-03-11 18:22:03 25276 [Note] Shutting down plugin 'INNODB_FT_CONFIG'
2018-03-11 18:22:03 25276 [Note] Shutting down plugin 'INNODB_FT_BEING_DELETED'
2018-03-11 18:22:03 25276 [Note] Shutting down plugin 'INNODB_FT_DELETED'
2018-03-11 18:22:03 25276 [Note] Shutting down plugin 'INNODB_FT_DEFAULT_STOPWORD'
2018-03-11 18:22:03 25276 [Note] Shutting down plugin 'INNODB_METRICS'
2018-03-11 18:22:03 25276 [Note] Shutting down plugin 'INNODB_BUFFER_POOL_STATS'
2018-03-11 18:22:03 25276 [Note] Shutting down plugin 'INNODB_BUFFER_PAGE_LRU'
2018-03-11 18:22:03 25276 [Note] Shutting down plugin 'INNODB_BUFFER_PAGE'
2018-03-11 18:22:03 25276 [Note] Shutting down plugin 'INNODB_CMP_PER_INDEX_RESET'
2018-03-11 18:22:03 25276 [Note] Shutting down plugin 'INNODB_CMP_PER_INDEX'
2018-03-11 18:22:03 25276 [Note] Shutting down plugin 'INNODB_CMPMEM_RESET'
2018-03-11 18:22:03 25276 [Note] Shutting down plugin 'INNODB_CMPMEM'
2018-03-11 18:22:03 25276 [Note] Shutting down plugin 'INNODB_CMP_RESET'
2018-03-11 18:22:03 25276 [Note] Shutting down plugin 'INNODB_CMP'
2018-03-11 18:22:03 25276 [Note] Shutting down plugin 'INNODB_LOCK_WAITS'
2018-03-11 18:22:03 25276 [Note] Shutting down plugin 'INNODB_LOCKS'
2018-03-11 18:22:03 25276 [Note] Shutting down plugin 'INNODB_TRX'
2018-03-11 18:22:03 25276 [Note] Shutting down plugin 'InnoDB'
2018-03-11 18:22:03 25276 [Note] InnoDB: FTS optimize thread exiting.
2018-03-11 18:22:03 25276 [Note] InnoDB: Starting shutdown...
2018-03-11 18:22:04 25276 [Note] InnoDB: Shutdown completed; log sequence number 1771252
2018-03-11 18:22:04 25276 [Note] Shutting down plugin 'BLACKHOLE'
2018-03-11 18:22:04 25276 [Note] Shutting down plugin 'ARCHIVE'
2018-03-11 18:22:04 25276 [Note] Shutting down plugin 'MRG_MYISAM'
2018-03-11 18:22:04 25276 [Note] Shutting down plugin 'MyISAM'
2018-03-11 18:22:04 25276 [Note] Shutting down plugin 'MEMORY'
2018-03-11 18:22:04 25276 [Note] Shutting down plugin 'CSV'
2018-03-11 18:22:04 25276 [Note] Shutting down plugin 'sha256_password'
2018-03-11 18:22:04 25276 [Note] Shutting down plugin 'mysql_old_password'
2018-03-11 18:22:04 25276 [Note] Shutting down plugin 'mysql_native_password'
2018-03-11 18:22:04 25276 [Note] Shutting down plugin 'binlog'
2018-03-11 18:22:04 25276 [Note] B:\apps\Lucee_portable_release\UniServerZ\core\mysql\bin\mysqld_z.exe: Shutdown complete

2018-03-20 10:27:41 22448 [Note] Plugin 'FEDERATED' is disabled.
2018-03-20 10:27:41 22448 [Note] InnoDB: Using atomics to ref count buffer pool pages
2018-03-20 10:27:41 22448 [Note] InnoDB: The InnoDB memory heap is disabled
2018-03-20 10:27:41 22448 [Note] InnoDB: Mutexes and rw_locks use Windows interlocked functions
2018-03-20 10:27:41 22448 [Note] InnoDB: Memory barrier is not used
2018-03-20 10:27:41 22448 [Note] InnoDB: Compressed tables use zlib 1.2.3
2018-03-20 10:27:41 22448 [Note] InnoDB: Not using CPU crc32 instructions
2018-03-20 10:27:41 22448 [Note] InnoDB: Initializing buffer pool, size = 32.0M
2018-03-20 10:27:41 22448 [Note] InnoDB: Completed initialization of buffer pool
2018-03-20 10:27:41 22448 [Note] InnoDB: Highest supported file format is Barracuda.
2018-03-20 10:27:44 22448 [Note] InnoDB: 128 rollback segment(s) are active.
2018-03-20 10:27:44 22448 [Note] InnoDB: Waiting for purge to start
2018-03-20 10:27:44 22448 [Note] InnoDB: 5.6.35 started; log sequence number 1771252
2018-03-20 10:27:44 22448 [Note] Server hostname (bind-address): '127.0.0.1'; port: 3306
2018-03-20 10:27:44 22448 [Note]   - '127.0.0.1' resolves to '127.0.0.1';
2018-03-20 10:27:44 22448 [Note] Server socket created on IP: '127.0.0.1'.
2018-03-20 10:27:44 22448 [Note] Event Scheduler: Loaded 0 events
2018-03-20 10:27:44 22448 [Note] B:\Luce_portable_standalone\Lucee_portable_full\UniServerZ\core\mysql\bin\mysqld_z.exe: ready for connections.
Version: '5.6.35'  socket: ''  port: 3306  MySQL Community Server (GPL)
2018-03-20 10:29:58 22448 [Note] B:\Luce_portable_standalone\Lucee_portable_full\UniServerZ\core\mysql\bin\mysqld_z.exe: Normal shutdown

2018-03-20 10:29:58 22448 [Note] Giving 0 client threads a chance to die gracefully
2018-03-20 10:29:58 22448 [Note] Event Scheduler: Purging the queue. 0 events
2018-03-20 10:29:58 22448 [Note] Shutting down slave threads
2018-03-20 10:29:58 22448 [Note] Forcefully disconnecting 0 remaining clients
2018-03-20 10:29:58 22448 [Note] Binlog end
2018-03-20 10:29:58 22448 [Note] Shutting down plugin 'partition'
2018-03-20 10:29:58 22448 [Note] Shutting down plugin 'PERFORMANCE_SCHEMA'
2018-03-20 10:29:58 22448 [Note] Shutting down plugin 'INNODB_SYS_DATAFILES'
2018-03-20 10:29:58 22448 [Note] Shutting down plugin 'INNODB_SYS_TABLESPACES'
2018-03-20 10:29:58 22448 [Note] Shutting down plugin 'INNODB_SYS_FOREIGN_COLS'
2018-03-20 10:29:58 22448 [Note] Shutting down plugin 'INNODB_SYS_FOREIGN'
2018-03-20 10:29:58 22448 [Note] Shutting down plugin 'INNODB_SYS_FIELDS'
2018-03-20 10:29:58 22448 [Note] Shutting down plugin 'INNODB_SYS_COLUMNS'
2018-03-20 10:29:58 22448 [Note] Shutting down plugin 'INNODB_SYS_INDEXES'
2018-03-20 10:29:58 22448 [Note] Shutting down plugin 'INNODB_SYS_TABLESTATS'
2018-03-20 10:29:58 22448 [Note] Shutting down plugin 'INNODB_SYS_TABLES'
2018-03-20 10:29:58 22448 [Note] Shutting down plugin 'INNODB_FT_INDEX_TABLE'
2018-03-20 10:29:58 22448 [Note] Shutting down plugin 'INNODB_FT_INDEX_CACHE'
2018-03-20 10:29:58 22448 [Note] Shutting down plugin 'INNODB_FT_CONFIG'
2018-03-20 10:29:58 22448 [Note] Shutting down plugin 'INNODB_FT_BEING_DELETED'
2018-03-20 10:29:58 22448 [Note] Shutting down plugin 'INNODB_FT_DELETED'
2018-03-20 10:29:58 22448 [Note] Shutting down plugin 'INNODB_FT_DEFAULT_STOPWORD'
2018-03-20 10:29:58 22448 [Note] Shutting down plugin 'INNODB_METRICS'
2018-03-20 10:29:58 22448 [Note] Shutting down plugin 'INNODB_BUFFER_POOL_STATS'
2018-03-20 10:29:58 22448 [Note] Shutting down plugin 'INNODB_BUFFER_PAGE_LRU'
2018-03-20 10:29:58 22448 [Note] Shutting down plugin 'INNODB_BUFFER_PAGE'
2018-03-20 10:29:58 22448 [Note] Shutting down plugin 'INNODB_CMP_PER_INDEX_RESET'
2018-03-20 10:29:58 22448 [Note] Shutting down plugin 'INNODB_CMP_PER_INDEX'
2018-03-20 10:29:58 22448 [Note] Shutting down plugin 'INNODB_CMPMEM_RESET'
2018-03-20 10:29:58 22448 [Note] Shutting down plugin 'INNODB_CMPMEM'
2018-03-20 10:29:58 22448 [Note] Shutting down plugin 'INNODB_CMP_RESET'
2018-03-20 10:29:58 22448 [Note] Shutting down plugin 'INNODB_CMP'
2018-03-20 10:29:58 22448 [Note] Shutting down plugin 'INNODB_LOCK_WAITS'
2018-03-20 10:29:58 22448 [Note] Shutting down plugin 'INNODB_LOCKS'
2018-03-20 10:29:58 22448 [Note] Shutting down plugin 'INNODB_TRX'
2018-03-20 10:29:58 22448 [Note] Shutting down plugin 'InnoDB'
2018-03-20 10:29:58 22448 [Note] InnoDB: FTS optimize thread exiting.
2018-03-20 10:29:58 22448 [Note] InnoDB: Starting shutdown...
2018-03-20 10:30:00 22448 [Note] InnoDB: Shutdown completed; log sequence number 1771262
2018-03-20 10:30:00 22448 [Note] Shutting down plugin 'BLACKHOLE'
2018-03-20 10:30:00 22448 [Note] Shutting down plugin 'ARCHIVE'
2018-03-20 10:30:00 22448 [Note] Shutting down plugin 'MRG_MYISAM'
2018-03-20 10:30:00 22448 [Note] Shutting down plugin 'MyISAM'
2018-03-20 10:30:00 22448 [Note] Shutting down plugin 'MEMORY'
2018-03-20 10:30:00 22448 [Note] Shutting down plugin 'CSV'
2018-03-20 10:30:00 22448 [Note] Shutting down plugin 'sha256_password'
2018-03-20 10:30:00 22448 [Note] Shutting down plugin 'mysql_old_password'
2018-03-20 10:30:00 22448 [Note] Shutting down plugin 'mysql_native_password'
2018-03-20 10:30:00 22448 [Note] Shutting down plugin 'binlog'
2018-03-20 10:30:00 22448 [Note] B:\Luce_portable_standalone\Lucee_portable_full\UniServerZ\core\mysql\bin\mysqld_z.exe: Shutdown complete

